<?xml version="1.0" encoding="UTF-8"?>
<!-- Generated by org.testng.reporters.JUnitReportReporter -->
<testsuite skipped="0" hostname="LAPTOP-AHENVILG" name="Test.useeShouldBeAbleToLogin" tests="1" failures="0" timestamp="2019-11-30T09:57:45 CST" time="9.043" errors="0">
  <testcase name="invalidUsersShouldBeAbleToLogIn" time="9.043" classname="Test.useeShouldBeAbleToLogin"/>
</testsuite> <!-- Test.useeShouldBeAbleToLogin -->
